{"name": "Проверка перехода на главную страницу Яндекса при клике на лого Яндекса", "status": "broken", "statusDetails": {"message": "selenium.common.exceptions.TimeoutException: Message: \nStacktrace:\nRemoteError@chrome://remote/content/shared/RemoteError.sys.mjs:8:8\nWebDriverError@chrome://remote/content/shared/webdriver/Errors.sys.mjs:187:5\nNoSuchElementError@chrome://remote/content/shared/webdriver/Errors.sys.mjs:505:5\nelement.find/</<@chrome://remote/content/marionette/element.sys.mjs:135:16", "trace": "self = <test_logo.TestLogo object at 0x0000022E760F2C10>, driver = <selenium.webdriver.firefox.webdriver.WebDriver (session=\"7d48f6cc-b8fd-4a6d-8078-28612afd75db\")>\n\n    @allure.title(\"Проверка перехода на главную страницу Яндекса при клике на лого Яндекса\")\n    def test_click_yandex_logo_go_to_yandex_page(self, driver):\n        base_page = BasePage(driver)\n        base_page.click_yandex_logo()\n        #base_page.wait_element(BasePageLocators.logo_yandex)\n        driver.switch_to.window(driver.window_handles[1])\n>       assert base_page.find_element(BasePageLocators.logo_dzen), \\\n            'При клике на лого Яндекса переход на главную страницу Яндекса не произошел'\n\ntests\\test_logo.py:24: \n_ _ _ _ _ _ _ _ _ _ _ _ _ _ _ _ _ _ _ _ _ _ _ _ _ _ _ _ _ _ _ _ _ _ _ _ _ _ _ _ _ _ _ _ _ _ _ _ _ _ _ _ _ _ _ _ _ _ _ _ _ _ _ _ _ _ _ _ _ _ _ _ _ _ _ _ _ _ _ _ _ _ _ _ _ _ _ _ _ _\npages\\base_page.py:13: in find_element\n    return WebDriverWait(self.driver, 5).until(EC.visibility_of_element_located(locator))\n_ _ _ _ _ _ _ _ _ _ _ _ _ _ _ _ _ _ _ _ _ _ _ _ _ _ _ _ _ _ _ _ _ _ _ _ _ _ _ _ _ _ _ _ _ _ _ _ _ _ _ _ _ _ _ _ _ _ _ _ _ _ _ _ _ _ _ _ _ _ _ _ _ _ _ _ _ _ _ _ _ _ _ _ _ _ _ _ _ _\n\nself = <selenium.webdriver.support.wait.WebDriverWait (session=\"7d48f6cc-b8fd-4a6d-8078-28612afd75db\")>\nmethod = <function visibility_of_element_located.<locals>._predicate at 0x0000022E7568F740>, message = ''\n\n    def until(self, method, message: str = \"\"):\n        \"\"\"Calls the method provided with the driver as an argument until the \\\n        return value does not evaluate to ``False``.\n    \n        :param method: callable(WebDriver)\n        :param message: optional message for :exc:`TimeoutException`\n        :returns: the result of the last call to `method`\n        :raises: :exc:`selenium.common.exceptions.TimeoutException` if timeout occurs\n        \"\"\"\n        screen = None\n        stacktrace = None\n    \n        end_time = time.monotonic() + self._timeout\n        while True:\n            try:\n                value = method(self._driver)\n                if value:\n                    return value\n            except self._ignored_exceptions as exc:\n                screen = getattr(exc, \"screen\", None)\n                stacktrace = getattr(exc, \"stacktrace\", None)\n            time.sleep(self._poll)\n            if time.monotonic() > end_time:\n                break\n>       raise TimeoutException(message, screen, stacktrace)\nE       selenium.common.exceptions.TimeoutException: Message: \nE       Stacktrace:\nE       RemoteError@chrome://remote/content/shared/RemoteError.sys.mjs:8:8\nE       WebDriverError@chrome://remote/content/shared/webdriver/Errors.sys.mjs:187:5\nE       NoSuchElementError@chrome://remote/content/shared/webdriver/Errors.sys.mjs:505:5\nE       element.find/</<@chrome://remote/content/marionette/element.sys.mjs:135:16\n\nvenv\\Lib\\site-packages\\selenium\\webdriver\\support\\wait.py:95: TimeoutException"}, "steps": [{"name": "Клик на лого Яндекса", "status": "passed", "start": 1690158182653, "stop": 1690158183265}], "start": 1690158182653, "stop": 1690158189340, "uuid": "28ad8243-22cb-4ad0-b23a-6d13fa1280db", "historyId": "6b926af40bbcbbd27c6c73cf06609d47", "testCaseId": "6b926af40bbcbbd27c6c73cf06609d47", "fullName": "tests.test_logo.TestLogo#test_click_yandex_logo_go_to_yandex_page", "labels": [{"name": "parentSuite", "value": "tests"}, {"name": "suite", "value": "test_logo"}, {"name": "subSuite", "value": "TestLogo"}, {"name": "host", "value": "LAPTOP-OK0L9EHB"}, {"name": "thread", "value": "5624-MainThread"}, {"name": "framework", "value": "pytest"}, {"name": "language", "value": "cpython3"}, {"name": "package", "value": "tests.test_logo"}]}